<?xml version="1.0" encoding="UTF-8"?>
<!-- Generated by org.testng.reporters.JUnitReportReporter -->
<testsuite hostname="TTCPU183020" failures="0" tests="1" name="testcases.LoginPageTest" time="7.192" errors="0" timestamp="19 Apr 2021 12:35:08 GMT" skipped="0">
  <testcase classname="testcases.LoginPageTest" name="doLogin" time="7.192"/>
</testsuite> <!-- testcases.LoginPageTest -->
