<?xml version="1.0" encoding="UTF-8"?>
<!-- Generated by org.testng.reporters.JUnitReportReporter -->
<testsuite skipped="0" hostname="TTCPU183020" name="testcases.ZipAndSendMail" tests="1" failures="0" timestamp="05 May 2021 11:56:09 GMT" time="5.215" errors="0">
  <testcase name="mail" time="5.215" classname="testcases.ZipAndSendMail"/>
</testsuite> <!-- testcases.ZipAndSendMail -->
