<?xml version="1.0" encoding="UTF-8"?>
<!-- Generated by org.testng.reporters.JUnitReportReporter -->
<testsuite skipped="0" hostname="TTCPU183020" name="testcases.FlightPageTest" tests="1" failures="0" timestamp="05 May 2021 12:41:34 GMT" time="12.854" errors="0">
  <testcase name="flightsearch" time="12.854" classname="testcases.FlightPageTest"/>
</testsuite> <!-- testcases.FlightPageTest -->
